<?xml version="1.0" encoding="UTF-8"?>
<!-- Generated by org.testng.reporters.JUnitXMLReporter -->
<testsuite hostname="SELENIUM-PC" ignored="2" name="Test" tests="1" failures="0" timestamp="14 Oct 2017 11:00:51 GMT" time="8.028" errors="0">
  <testcase name="testValidLogin" time="2.12" classname="script.ValidLogin"/>
  <testcase name="testInvalidLogin" time="0.0" classname="script.InvalidLogin">
    <ignored/>
  </testcase> <!-- testInvalidLogin -->
  <testcase name="testProductVersion" time="0.0" classname="script.VerifyProductVersion">
    <ignored/>
  </testcase> <!-- testProductVersion -->
</testsuite> <!-- Test -->
